CRITICAL - 2020-09-24 04:17:59 --> Trying to access array offset on value of type null
#0 C:\xampp\htdocs\restapi\app\Libraries\CustomOauthStorage.php(462): CodeIgniter\Debug\Exceptions->errorHandler(8, 'Trying to acces...', 'C:\\xampp\\htdocs...', 462, Array)
#1 C:\xampp\htdocs\restapi\app\Libraries\CustomOauthStorage.php(311): App\Libraries\CustomOauthStorage->getUser('berkaycalti')
#2 C:\xampp\htdocs\restapi\vendor\bshaffer\oauth2-server-php\src\OAuth2\GrantType\UserCredentials.php(57): App\Libraries\CustomOauthStorage->checkUserCredentials('berkaycalti', 'password')
#3 C:\xampp\htdocs\restapi\vendor\bshaffer\oauth2-server-php\src\OAuth2\Controller\TokenController.php(175): OAuth2\GrantType\UserCredentials->validateRequest(Object(OAuth2\Request), Object(OAuth2\Response))
#4 C:\xampp\htdocs\restapi\vendor\bshaffer\oauth2-server-php\src\OAuth2\Controller\TokenController.php(87): OAuth2\Controller\TokenController->grantAccessToken(Object(OAuth2\Request), Object(OAuth2\Response))
#5 C:\xampp\htdocs\restapi\vendor\bshaffer\oauth2-server-php\src\OAuth2\Server.php(319): OAuth2\Controller\TokenController->handleTokenRequest(Object(OAuth2\Request), Object(OAuth2\Response))
#6 C:\xampp\htdocs\restapi\app\Controllers\User.php(16): OAuth2\Server->handleTokenRequest(Object(OAuth2\Request))
#7 C:\xampp\htdocs\restapi\vendor\codeigniter4\framework\system\CodeIgniter.php(918): App\Controllers\User->login()
#8 C:\xampp\htdocs\restapi\vendor\codeigniter4\framework\system\CodeIgniter.php(404): CodeIgniter\CodeIgniter->runController(Object(App\Controllers\User))
#9 C:\xampp\htdocs\restapi\vendor\codeigniter4\framework\system\CodeIgniter.php(312): CodeIgniter\CodeIgniter->handleRequest(NULL, Object(Config\Cache), false)
#10 C:\xampp\htdocs\restapi\public\index.php(45): CodeIgniter\CodeIgniter->run()
#11 {main}
CRITICAL - 2020-09-24 04:18:33 --> you must set the user_id on the array returned by getUserDetails
#0 C:\xampp\htdocs\restapi\vendor\bshaffer\oauth2-server-php\src\OAuth2\Controller\TokenController.php(175): OAuth2\GrantType\UserCredentials->validateRequest(Object(OAuth2\Request), Object(OAuth2\Response))
#1 C:\xampp\htdocs\restapi\vendor\bshaffer\oauth2-server-php\src\OAuth2\Controller\TokenController.php(87): OAuth2\Controller\TokenController->grantAccessToken(Object(OAuth2\Request), Object(OAuth2\Response))
#2 C:\xampp\htdocs\restapi\vendor\bshaffer\oauth2-server-php\src\OAuth2\Server.php(319): OAuth2\Controller\TokenController->handleTokenRequest(Object(OAuth2\Request), Object(OAuth2\Response))
#3 C:\xampp\htdocs\restapi\app\Controllers\User.php(16): OAuth2\Server->handleTokenRequest(Object(OAuth2\Request))
#4 C:\xampp\htdocs\restapi\vendor\codeigniter4\framework\system\CodeIgniter.php(918): App\Controllers\User->login()
#5 C:\xampp\htdocs\restapi\vendor\codeigniter4\framework\system\CodeIgniter.php(404): CodeIgniter\CodeIgniter->runController(Object(App\Controllers\User))
#6 C:\xampp\htdocs\restapi\vendor\codeigniter4\framework\system\CodeIgniter.php(312): CodeIgniter\CodeIgniter->handleRequest(NULL, Object(Config\Cache), false)
#7 C:\xampp\htdocs\restapi\public\index.php(45): CodeIgniter\CodeIgniter->run()
#8 {main}
CRITICAL - 2020-09-24 04:18:51 --> you must set the user_id on the array returned by getUserDetails
#0 C:\xampp\htdocs\restapi\vendor\bshaffer\oauth2-server-php\src\OAuth2\Controller\TokenController.php(175): OAuth2\GrantType\UserCredentials->validateRequest(Object(OAuth2\Request), Object(OAuth2\Response))
#1 C:\xampp\htdocs\restapi\vendor\bshaffer\oauth2-server-php\src\OAuth2\Controller\TokenController.php(87): OAuth2\Controller\TokenController->grantAccessToken(Object(OAuth2\Request), Object(OAuth2\Response))
#2 C:\xampp\htdocs\restapi\vendor\bshaffer\oauth2-server-php\src\OAuth2\Server.php(319): OAuth2\Controller\TokenController->handleTokenRequest(Object(OAuth2\Request), Object(OAuth2\Response))
#3 C:\xampp\htdocs\restapi\app\Controllers\User.php(16): OAuth2\Server->handleTokenRequest(Object(OAuth2\Request))
#4 C:\xampp\htdocs\restapi\vendor\codeigniter4\framework\system\CodeIgniter.php(918): App\Controllers\User->login()
#5 C:\xampp\htdocs\restapi\vendor\codeigniter4\framework\system\CodeIgniter.php(404): CodeIgniter\CodeIgniter->runController(Object(App\Controllers\User))
#6 C:\xampp\htdocs\restapi\vendor\codeigniter4\framework\system\CodeIgniter.php(312): CodeIgniter\CodeIgniter->handleRequest(NULL, Object(Config\Cache), false)
#7 C:\xampp\htdocs\restapi\public\index.php(45): CodeIgniter\CodeIgniter->run()
#8 {main}
CRITICAL - 2020-09-24 04:19:34 --> you must set the user_id on the array returned by getUserDetails
#0 C:\xampp\htdocs\restapi\vendor\bshaffer\oauth2-server-php\src\OAuth2\Controller\TokenController.php(175): OAuth2\GrantType\UserCredentials->validateRequest(Object(OAuth2\Request), Object(OAuth2\Response))
#1 C:\xampp\htdocs\restapi\vendor\bshaffer\oauth2-server-php\src\OAuth2\Controller\TokenController.php(87): OAuth2\Controller\TokenController->grantAccessToken(Object(OAuth2\Request), Object(OAuth2\Response))
#2 C:\xampp\htdocs\restapi\vendor\bshaffer\oauth2-server-php\src\OAuth2\Server.php(319): OAuth2\Controller\TokenController->handleTokenRequest(Object(OAuth2\Request), Object(OAuth2\Response))
#3 C:\xampp\htdocs\restapi\app\Controllers\User.php(16): OAuth2\Server->handleTokenRequest(Object(OAuth2\Request))
#4 C:\xampp\htdocs\restapi\vendor\codeigniter4\framework\system\CodeIgniter.php(918): App\Controllers\User->login()
#5 C:\xampp\htdocs\restapi\vendor\codeigniter4\framework\system\CodeIgniter.php(404): CodeIgniter\CodeIgniter->runController(Object(App\Controllers\User))
#6 C:\xampp\htdocs\restapi\vendor\codeigniter4\framework\system\CodeIgniter.php(312): CodeIgniter\CodeIgniter->handleRequest(NULL, Object(Config\Cache), false)
#7 C:\xampp\htdocs\restapi\public\index.php(45): CodeIgniter\CodeIgniter->run()
#8 {main}
CRITICAL - 2020-09-24 04:19:49 --> Trying to access array offset on value of type null
#0 C:\xampp\htdocs\restapi\app\Libraries\CustomOauthStorage.php(462): CodeIgniter\Debug\Exceptions->errorHandler(8, 'Trying to acces...', 'C:\\xampp\\htdocs...', 462, Array)
#1 C:\xampp\htdocs\restapi\app\Libraries\CustomOauthStorage.php(311): App\Libraries\CustomOauthStorage->getUser('test@berkaycalt...')
#2 C:\xampp\htdocs\restapi\vendor\bshaffer\oauth2-server-php\src\OAuth2\GrantType\UserCredentials.php(57): App\Libraries\CustomOauthStorage->checkUserCredentials('test@berkaycalt...', 'password')
#3 C:\xampp\htdocs\restapi\vendor\bshaffer\oauth2-server-php\src\OAuth2\Controller\TokenController.php(175): OAuth2\GrantType\UserCredentials->validateRequest(Object(OAuth2\Request), Object(OAuth2\Response))
#4 C:\xampp\htdocs\restapi\vendor\bshaffer\oauth2-server-php\src\OAuth2\Controller\TokenController.php(87): OAuth2\Controller\TokenController->grantAccessToken(Object(OAuth2\Request), Object(OAuth2\Response))
#5 C:\xampp\htdocs\restapi\vendor\bshaffer\oauth2-server-php\src\OAuth2\Server.php(319): OAuth2\Controller\TokenController->handleTokenRequest(Object(OAuth2\Request), Object(OAuth2\Response))
#6 C:\xampp\htdocs\restapi\app\Controllers\User.php(16): OAuth2\Server->handleTokenRequest(Object(OAuth2\Request))
#7 C:\xampp\htdocs\restapi\vendor\codeigniter4\framework\system\CodeIgniter.php(918): App\Controllers\User->login()
#8 C:\xampp\htdocs\restapi\vendor\codeigniter4\framework\system\CodeIgniter.php(404): CodeIgniter\CodeIgniter->runController(Object(App\Controllers\User))
#9 C:\xampp\htdocs\restapi\vendor\codeigniter4\framework\system\CodeIgniter.php(312): CodeIgniter\CodeIgniter->handleRequest(NULL, Object(Config\Cache), false)
#10 C:\xampp\htdocs\restapi\public\index.php(45): CodeIgniter\CodeIgniter->run()
#11 {main}
CRITICAL - 2020-09-24 04:20:20 --> Trying to access array offset on value of type null
#0 C:\xampp\htdocs\restapi\app\Libraries\CustomOauthStorage.php(462): CodeIgniter\Debug\Exceptions->errorHandler(8, 'Trying to acces...', 'C:\\xampp\\htdocs...', 462, Array)
#1 C:\xampp\htdocs\restapi\app\Libraries\CustomOauthStorage.php(311): App\Libraries\CustomOauthStorage->getUser('test@berkaycalt...')
#2 C:\xampp\htdocs\restapi\vendor\bshaffer\oauth2-server-php\src\OAuth2\GrantType\UserCredentials.php(57): App\Libraries\CustomOauthStorage->checkUserCredentials('test@berkaycalt...', 'password')
#3 C:\xampp\htdocs\restapi\vendor\bshaffer\oauth2-server-php\src\OAuth2\Controller\TokenController.php(175): OAuth2\GrantType\UserCredentials->validateRequest(Object(OAuth2\Request), Object(OAuth2\Response))
#4 C:\xampp\htdocs\restapi\vendor\bshaffer\oauth2-server-php\src\OAuth2\Controller\TokenController.php(87): OAuth2\Controller\TokenController->grantAccessToken(Object(OAuth2\Request), Object(OAuth2\Response))
#5 C:\xampp\htdocs\restapi\vendor\bshaffer\oauth2-server-php\src\OAuth2\Server.php(319): OAuth2\Controller\TokenController->handleTokenRequest(Object(OAuth2\Request), Object(OAuth2\Response))
#6 C:\xampp\htdocs\restapi\app\Controllers\User.php(16): OAuth2\Server->handleTokenRequest(Object(OAuth2\Request))
#7 C:\xampp\htdocs\restapi\vendor\codeigniter4\framework\system\CodeIgniter.php(918): App\Controllers\User->login()
#8 C:\xampp\htdocs\restapi\vendor\codeigniter4\framework\system\CodeIgniter.php(404): CodeIgniter\CodeIgniter->runController(Object(App\Controllers\User))
#9 C:\xampp\htdocs\restapi\vendor\codeigniter4\framework\system\CodeIgniter.php(312): CodeIgniter\CodeIgniter->handleRequest(NULL, Object(Config\Cache), false)
#10 C:\xampp\htdocs\restapi\public\index.php(45): CodeIgniter\CodeIgniter->run()
#11 {main}
CRITICAL - 2020-09-24 04:20:21 --> Trying to access array offset on value of type null
#0 C:\xampp\htdocs\restapi\app\Libraries\CustomOauthStorage.php(462): CodeIgniter\Debug\Exceptions->errorHandler(8, 'Trying to acces...', 'C:\\xampp\\htdocs...', 462, Array)
#1 C:\xampp\htdocs\restapi\app\Libraries\CustomOauthStorage.php(311): App\Libraries\CustomOauthStorage->getUser('test@berkaycalt...')
#2 C:\xampp\htdocs\restapi\vendor\bshaffer\oauth2-server-php\src\OAuth2\GrantType\UserCredentials.php(57): App\Libraries\CustomOauthStorage->checkUserCredentials('test@berkaycalt...', 'password')
#3 C:\xampp\htdocs\restapi\vendor\bshaffer\oauth2-server-php\src\OAuth2\Controller\TokenController.php(175): OAuth2\GrantType\UserCredentials->validateRequest(Object(OAuth2\Request), Object(OAuth2\Response))
#4 C:\xampp\htdocs\restapi\vendor\bshaffer\oauth2-server-php\src\OAuth2\Controller\TokenController.php(87): OAuth2\Controller\TokenController->grantAccessToken(Object(OAuth2\Request), Object(OAuth2\Response))
#5 C:\xampp\htdocs\restapi\vendor\bshaffer\oauth2-server-php\src\OAuth2\Server.php(319): OAuth2\Controller\TokenController->handleTokenRequest(Object(OAuth2\Request), Object(OAuth2\Response))
#6 C:\xampp\htdocs\restapi\app\Controllers\User.php(16): OAuth2\Server->handleTokenRequest(Object(OAuth2\Request))
#7 C:\xampp\htdocs\restapi\vendor\codeigniter4\framework\system\CodeIgniter.php(918): App\Controllers\User->login()
#8 C:\xampp\htdocs\restapi\vendor\codeigniter4\framework\system\CodeIgniter.php(404): CodeIgniter\CodeIgniter->runController(Object(App\Controllers\User))
#9 C:\xampp\htdocs\restapi\vendor\codeigniter4\framework\system\CodeIgniter.php(312): CodeIgniter\CodeIgniter->handleRequest(NULL, Object(Config\Cache), false)
#10 C:\xampp\htdocs\restapi\public\index.php(45): CodeIgniter\CodeIgniter->run()
#11 {main}
CRITICAL - 2020-09-24 04:42:31 --> Trying to access array offset on value of type null
#0 C:\xampp\htdocs\restapi\app\Libraries\CustomOauthStorage.php(462): CodeIgniter\Debug\Exceptions->errorHandler(8, 'Trying to acces...', 'C:\\xampp\\htdocs...', 462, Array)
#1 C:\xampp\htdocs\restapi\app\Libraries\CustomOauthStorage.php(311): App\Libraries\CustomOauthStorage->getUser('test@berkaycalt...')
#2 C:\xampp\htdocs\restapi\vendor\bshaffer\oauth2-server-php\src\OAuth2\GrantType\UserCredentials.php(57): App\Libraries\CustomOauthStorage->checkUserCredentials('test@berkaycalt...', 'password')
#3 C:\xampp\htdocs\restapi\vendor\bshaffer\oauth2-server-php\src\OAuth2\Controller\TokenController.php(175): OAuth2\GrantType\UserCredentials->validateRequest(Object(OAuth2\Request), Object(OAuth2\Response))
#4 C:\xampp\htdocs\restapi\vendor\bshaffer\oauth2-server-php\src\OAuth2\Controller\TokenController.php(87): OAuth2\Controller\TokenController->grantAccessToken(Object(OAuth2\Request), Object(OAuth2\Response))
#5 C:\xampp\htdocs\restapi\vendor\bshaffer\oauth2-server-php\src\OAuth2\Server.php(319): OAuth2\Controller\TokenController->handleTokenRequest(Object(OAuth2\Request), Object(OAuth2\Response))
#6 C:\xampp\htdocs\restapi\app\Controllers\User.php(16): OAuth2\Server->handleTokenRequest(Object(OAuth2\Request))
#7 C:\xampp\htdocs\restapi\vendor\codeigniter4\framework\system\CodeIgniter.php(918): App\Controllers\User->login()
#8 C:\xampp\htdocs\restapi\vendor\codeigniter4\framework\system\CodeIgniter.php(404): CodeIgniter\CodeIgniter->runController(Object(App\Controllers\User))
#9 C:\xampp\htdocs\restapi\vendor\codeigniter4\framework\system\CodeIgniter.php(312): CodeIgniter\CodeIgniter->handleRequest(NULL, Object(Config\Cache), false)
#10 C:\xampp\htdocs\restapi\public\index.php(45): CodeIgniter\CodeIgniter->run()
#11 {main}
CRITICAL - 2020-09-24 04:57:54 --> Trying to access array offset on value of type null
#0 C:\xampp\htdocs\restapi\app\Libraries\CustomOauthStorage.php(462): CodeIgniter\Debug\Exceptions->errorHandler(8, 'Trying to acces...', 'C:\\xampp\\htdocs...', 462, Array)
#1 C:\xampp\htdocs\restapi\app\Libraries\CustomOauthStorage.php(311): App\Libraries\CustomOauthStorage->getUser('test@berkaycalt...')
#2 C:\xampp\htdocs\restapi\vendor\bshaffer\oauth2-server-php\src\OAuth2\GrantType\UserCredentials.php(57): App\Libraries\CustomOauthStorage->checkUserCredentials('test@berkaycalt...', 'password')
#3 C:\xampp\htdocs\restapi\vendor\bshaffer\oauth2-server-php\src\OAuth2\Controller\TokenController.php(175): OAuth2\GrantType\UserCredentials->validateRequest(Object(OAuth2\Request), Object(OAuth2\Response))
#4 C:\xampp\htdocs\restapi\vendor\bshaffer\oauth2-server-php\src\OAuth2\Controller\TokenController.php(87): OAuth2\Controller\TokenController->grantAccessToken(Object(OAuth2\Request), Object(OAuth2\Response))
#5 C:\xampp\htdocs\restapi\vendor\bshaffer\oauth2-server-php\src\OAuth2\Server.php(319): OAuth2\Controller\TokenController->handleTokenRequest(Object(OAuth2\Request), Object(OAuth2\Response))
#6 C:\xampp\htdocs\restapi\app\Controllers\User.php(16): OAuth2\Server->handleTokenRequest(Object(OAuth2\Request))
#7 C:\xampp\htdocs\restapi\vendor\codeigniter4\framework\system\CodeIgniter.php(918): App\Controllers\User->login()
#8 C:\xampp\htdocs\restapi\vendor\codeigniter4\framework\system\CodeIgniter.php(404): CodeIgniter\CodeIgniter->runController(Object(App\Controllers\User))
#9 C:\xampp\htdocs\restapi\vendor\codeigniter4\framework\system\CodeIgniter.php(312): CodeIgniter\CodeIgniter->handleRequest(NULL, Object(Config\Cache), false)
#10 C:\xampp\htdocs\restapi\public\index.php(45): CodeIgniter\CodeIgniter->run()
#11 {main}
CRITICAL - 2020-09-24 06:12:57 --> Trying to access array offset on value of type null
#0 C:\xampp\htdocs\restapi\app\Libraries\CustomOauthStorage.php(462): CodeIgniter\Debug\Exceptions->errorHandler(8, 'Trying to acces...', 'C:\\xampp\\htdocs...', 462, Array)
#1 C:\xampp\htdocs\restapi\app\Libraries\CustomOauthStorage.php(311): App\Libraries\CustomOauthStorage->getUser('test@berkaycalt...')
#2 C:\xampp\htdocs\restapi\vendor\bshaffer\oauth2-server-php\src\OAuth2\GrantType\UserCredentials.php(57): App\Libraries\CustomOauthStorage->checkUserCredentials('test@berkaycalt...', 'password')
#3 C:\xampp\htdocs\restapi\vendor\bshaffer\oauth2-server-php\src\OAuth2\Controller\TokenController.php(175): OAuth2\GrantType\UserCredentials->validateRequest(Object(OAuth2\Request), Object(OAuth2\Response))
#4 C:\xampp\htdocs\restapi\vendor\bshaffer\oauth2-server-php\src\OAuth2\Controller\TokenController.php(87): OAuth2\Controller\TokenController->grantAccessToken(Object(OAuth2\Request), Object(OAuth2\Response))
#5 C:\xampp\htdocs\restapi\vendor\bshaffer\oauth2-server-php\src\OAuth2\Server.php(319): OAuth2\Controller\TokenController->handleTokenRequest(Object(OAuth2\Request), Object(OAuth2\Response))
#6 C:\xampp\htdocs\restapi\app\Controllers\User.php(16): OAuth2\Server->handleTokenRequest(Object(OAuth2\Request))
#7 C:\xampp\htdocs\restapi\vendor\codeigniter4\framework\system\CodeIgniter.php(918): App\Controllers\User->login()
#8 C:\xampp\htdocs\restapi\vendor\codeigniter4\framework\system\CodeIgniter.php(404): CodeIgniter\CodeIgniter->runController(Object(App\Controllers\User))
#9 C:\xampp\htdocs\restapi\vendor\codeigniter4\framework\system\CodeIgniter.php(312): CodeIgniter\CodeIgniter->handleRequest(NULL, Object(Config\Cache), false)
#10 C:\xampp\htdocs\restapi\public\index.php(45): CodeIgniter\CodeIgniter->run()
#11 {main}
CRITICAL - 2020-09-24 06:13:16 --> Trying to access array offset on value of type null
#0 C:\xampp\htdocs\restapi\app\Libraries\CustomOauthStorage.php(462): CodeIgniter\Debug\Exceptions->errorHandler(8, 'Trying to acces...', 'C:\\xampp\\htdocs...', 462, Array)
#1 C:\xampp\htdocs\restapi\app\Libraries\CustomOauthStorage.php(311): App\Libraries\CustomOauthStorage->getUser('test@berkaycalt...')
#2 C:\xampp\htdocs\restapi\vendor\bshaffer\oauth2-server-php\src\OAuth2\GrantType\UserCredentials.php(57): App\Libraries\CustomOauthStorage->checkUserCredentials('test@berkaycalt...', 'password')
#3 C:\xampp\htdocs\restapi\vendor\bshaffer\oauth2-server-php\src\OAuth2\Controller\TokenController.php(175): OAuth2\GrantType\UserCredentials->validateRequest(Object(OAuth2\Request), Object(OAuth2\Response))
#4 C:\xampp\htdocs\restapi\vendor\bshaffer\oauth2-server-php\src\OAuth2\Controller\TokenController.php(87): OAuth2\Controller\TokenController->grantAccessToken(Object(OAuth2\Request), Object(OAuth2\Response))
#5 C:\xampp\htdocs\restapi\vendor\bshaffer\oauth2-server-php\src\OAuth2\Server.php(319): OAuth2\Controller\TokenController->handleTokenRequest(Object(OAuth2\Request), Object(OAuth2\Response))
#6 C:\xampp\htdocs\restapi\app\Controllers\User.php(16): OAuth2\Server->handleTokenRequest(Object(OAuth2\Request))
#7 C:\xampp\htdocs\restapi\vendor\codeigniter4\framework\system\CodeIgniter.php(918): App\Controllers\User->login()
#8 C:\xampp\htdocs\restapi\vendor\codeigniter4\framework\system\CodeIgniter.php(404): CodeIgniter\CodeIgniter->runController(Object(App\Controllers\User))
#9 C:\xampp\htdocs\restapi\vendor\codeigniter4\framework\system\CodeIgniter.php(312): CodeIgniter\CodeIgniter->handleRequest(NULL, Object(Config\Cache), false)
#10 C:\xampp\htdocs\restapi\public\index.php(45): CodeIgniter\CodeIgniter->run()
#11 {main}
CRITICAL - 2020-09-24 06:14:34 --> Trying to access array offset on value of type null
#0 C:\xampp\htdocs\restapi\app\Libraries\CustomOauthStorage.php(462): CodeIgniter\Debug\Exceptions->errorHandler(8, 'Trying to acces...', 'C:\\xampp\\htdocs...', 462, Array)
#1 C:\xampp\htdocs\restapi\app\Libraries\CustomOauthStorage.php(311): App\Libraries\CustomOauthStorage->getUser('test@berkaycalt...')
#2 C:\xampp\htdocs\restapi\vendor\bshaffer\oauth2-server-php\src\OAuth2\GrantType\UserCredentials.php(57): App\Libraries\CustomOauthStorage->checkUserCredentials('test@berkaycalt...', 'password')
#3 C:\xampp\htdocs\restapi\vendor\bshaffer\oauth2-server-php\src\OAuth2\Controller\TokenController.php(175): OAuth2\GrantType\UserCredentials->validateRequest(Object(OAuth2\Request), Object(OAuth2\Response))
#4 C:\xampp\htdocs\restapi\vendor\bshaffer\oauth2-server-php\src\OAuth2\Controller\TokenController.php(87): OAuth2\Controller\TokenController->grantAccessToken(Object(OAuth2\Request), Object(OAuth2\Response))
#5 C:\xampp\htdocs\restapi\vendor\bshaffer\oauth2-server-php\src\OAuth2\Server.php(319): OAuth2\Controller\TokenController->handleTokenRequest(Object(OAuth2\Request), Object(OAuth2\Response))
#6 C:\xampp\htdocs\restapi\app\Controllers\User.php(16): OAuth2\Server->handleTokenRequest(Object(OAuth2\Request))
#7 C:\xampp\htdocs\restapi\vendor\codeigniter4\framework\system\CodeIgniter.php(918): App\Controllers\User->login()
#8 C:\xampp\htdocs\restapi\vendor\codeigniter4\framework\system\CodeIgniter.php(404): CodeIgniter\CodeIgniter->runController(Object(App\Controllers\User))
#9 C:\xampp\htdocs\restapi\vendor\codeigniter4\framework\system\CodeIgniter.php(312): CodeIgniter\CodeIgniter->handleRequest(NULL, Object(Config\Cache), false)
#10 C:\xampp\htdocs\restapi\public\index.php(45): CodeIgniter\CodeIgniter->run()
#11 {main}
CRITICAL - 2020-09-24 06:14:34 --> Trying to access array offset on value of type null
#0 C:\xampp\htdocs\restapi\app\Libraries\CustomOauthStorage.php(462): CodeIgniter\Debug\Exceptions->errorHandler(8, 'Trying to acces...', 'C:\\xampp\\htdocs...', 462, Array)
#1 C:\xampp\htdocs\restapi\app\Libraries\CustomOauthStorage.php(311): App\Libraries\CustomOauthStorage->getUser('test@berkaycalt...')
#2 C:\xampp\htdocs\restapi\vendor\bshaffer\oauth2-server-php\src\OAuth2\GrantType\UserCredentials.php(57): App\Libraries\CustomOauthStorage->checkUserCredentials('test@berkaycalt...', 'password')
#3 C:\xampp\htdocs\restapi\vendor\bshaffer\oauth2-server-php\src\OAuth2\Controller\TokenController.php(175): OAuth2\GrantType\UserCredentials->validateRequest(Object(OAuth2\Request), Object(OAuth2\Response))
#4 C:\xampp\htdocs\restapi\vendor\bshaffer\oauth2-server-php\src\OAuth2\Controller\TokenController.php(87): OAuth2\Controller\TokenController->grantAccessToken(Object(OAuth2\Request), Object(OAuth2\Response))
#5 C:\xampp\htdocs\restapi\vendor\bshaffer\oauth2-server-php\src\OAuth2\Server.php(319): OAuth2\Controller\TokenController->handleTokenRequest(Object(OAuth2\Request), Object(OAuth2\Response))
#6 C:\xampp\htdocs\restapi\app\Controllers\User.php(16): OAuth2\Server->handleTokenRequest(Object(OAuth2\Request))
#7 C:\xampp\htdocs\restapi\vendor\codeigniter4\framework\system\CodeIgniter.php(918): App\Controllers\User->login()
#8 C:\xampp\htdocs\restapi\vendor\codeigniter4\framework\system\CodeIgniter.php(404): CodeIgniter\CodeIgniter->runController(Object(App\Controllers\User))
#9 C:\xampp\htdocs\restapi\vendor\codeigniter4\framework\system\CodeIgniter.php(312): CodeIgniter\CodeIgniter->handleRequest(NULL, Object(Config\Cache), false)
#10 C:\xampp\htdocs\restapi\public\index.php(45): CodeIgniter\CodeIgniter->run()
#11 {main}
CRITICAL - 2020-09-24 06:14:35 --> Trying to access array offset on value of type null
#0 C:\xampp\htdocs\restapi\app\Libraries\CustomOauthStorage.php(462): CodeIgniter\Debug\Exceptions->errorHandler(8, 'Trying to acces...', 'C:\\xampp\\htdocs...', 462, Array)
#1 C:\xampp\htdocs\restapi\app\Libraries\CustomOauthStorage.php(311): App\Libraries\CustomOauthStorage->getUser('test@berkaycalt...')
#2 C:\xampp\htdocs\restapi\vendor\bshaffer\oauth2-server-php\src\OAuth2\GrantType\UserCredentials.php(57): App\Libraries\CustomOauthStorage->checkUserCredentials('test@berkaycalt...', 'password')
#3 C:\xampp\htdocs\restapi\vendor\bshaffer\oauth2-server-php\src\OAuth2\Controller\TokenController.php(175): OAuth2\GrantType\UserCredentials->validateRequest(Object(OAuth2\Request), Object(OAuth2\Response))
#4 C:\xampp\htdocs\restapi\vendor\bshaffer\oauth2-server-php\src\OAuth2\Controller\TokenController.php(87): OAuth2\Controller\TokenController->grantAccessToken(Object(OAuth2\Request), Object(OAuth2\Response))
#5 C:\xampp\htdocs\restapi\vendor\bshaffer\oauth2-server-php\src\OAuth2\Server.php(319): OAuth2\Controller\TokenController->handleTokenRequest(Object(OAuth2\Request), Object(OAuth2\Response))
#6 C:\xampp\htdocs\restapi\app\Controllers\User.php(16): OAuth2\Server->handleTokenRequest(Object(OAuth2\Request))
#7 C:\xampp\htdocs\restapi\vendor\codeigniter4\framework\system\CodeIgniter.php(918): App\Controllers\User->login()
#8 C:\xampp\htdocs\restapi\vendor\codeigniter4\framework\system\CodeIgniter.php(404): CodeIgniter\CodeIgniter->runController(Object(App\Controllers\User))
#9 C:\xampp\htdocs\restapi\vendor\codeigniter4\framework\system\CodeIgniter.php(312): CodeIgniter\CodeIgniter->handleRequest(NULL, Object(Config\Cache), false)
#10 C:\xampp\htdocs\restapi\public\index.php(45): CodeIgniter\CodeIgniter->run()
#11 {main}
CRITICAL - 2020-09-24 06:14:36 --> Trying to access array offset on value of type null
#0 C:\xampp\htdocs\restapi\app\Libraries\CustomOauthStorage.php(462): CodeIgniter\Debug\Exceptions->errorHandler(8, 'Trying to acces...', 'C:\\xampp\\htdocs...', 462, Array)
#1 C:\xampp\htdocs\restapi\app\Libraries\CustomOauthStorage.php(311): App\Libraries\CustomOauthStorage->getUser('test@berkaycalt...')
#2 C:\xampp\htdocs\restapi\vendor\bshaffer\oauth2-server-php\src\OAuth2\GrantType\UserCredentials.php(57): App\Libraries\CustomOauthStorage->checkUserCredentials('test@berkaycalt...', 'password')
#3 C:\xampp\htdocs\restapi\vendor\bshaffer\oauth2-server-php\src\OAuth2\Controller\TokenController.php(175): OAuth2\GrantType\UserCredentials->validateRequest(Object(OAuth2\Request), Object(OAuth2\Response))
#4 C:\xampp\htdocs\restapi\vendor\bshaffer\oauth2-server-php\src\OAuth2\Controller\TokenController.php(87): OAuth2\Controller\TokenController->grantAccessToken(Object(OAuth2\Request), Object(OAuth2\Response))
#5 C:\xampp\htdocs\restapi\vendor\bshaffer\oauth2-server-php\src\OAuth2\Server.php(319): OAuth2\Controller\TokenController->handleTokenRequest(Object(OAuth2\Request), Object(OAuth2\Response))
#6 C:\xampp\htdocs\restapi\app\Controllers\User.php(16): OAuth2\Server->handleTokenRequest(Object(OAuth2\Request))
#7 C:\xampp\htdocs\restapi\vendor\codeigniter4\framework\system\CodeIgniter.php(918): App\Controllers\User->login()
#8 C:\xampp\htdocs\restapi\vendor\codeigniter4\framework\system\CodeIgniter.php(404): CodeIgniter\CodeIgniter->runController(Object(App\Controllers\User))
#9 C:\xampp\htdocs\restapi\vendor\codeigniter4\framework\system\CodeIgniter.php(312): CodeIgniter\CodeIgniter->handleRequest(NULL, Object(Config\Cache), false)
#10 C:\xampp\htdocs\restapi\public\index.php(45): CodeIgniter\CodeIgniter->run()
#11 {main}
CRITICAL - 2020-09-24 06:14:37 --> Trying to access array offset on value of type null
#0 C:\xampp\htdocs\restapi\app\Libraries\CustomOauthStorage.php(462): CodeIgniter\Debug\Exceptions->errorHandler(8, 'Trying to acces...', 'C:\\xampp\\htdocs...', 462, Array)
#1 C:\xampp\htdocs\restapi\app\Libraries\CustomOauthStorage.php(311): App\Libraries\CustomOauthStorage->getUser('test@berkaycalt...')
#2 C:\xampp\htdocs\restapi\vendor\bshaffer\oauth2-server-php\src\OAuth2\GrantType\UserCredentials.php(57): App\Libraries\CustomOauthStorage->checkUserCredentials('test@berkaycalt...', 'password')
#3 C:\xampp\htdocs\restapi\vendor\bshaffer\oauth2-server-php\src\OAuth2\Controller\TokenController.php(175): OAuth2\GrantType\UserCredentials->validateRequest(Object(OAuth2\Request), Object(OAuth2\Response))
#4 C:\xampp\htdocs\restapi\vendor\bshaffer\oauth2-server-php\src\OAuth2\Controller\TokenController.php(87): OAuth2\Controller\TokenController->grantAccessToken(Object(OAuth2\Request), Object(OAuth2\Response))
#5 C:\xampp\htdocs\restapi\vendor\bshaffer\oauth2-server-php\src\OAuth2\Server.php(319): OAuth2\Controller\TokenController->handleTokenRequest(Object(OAuth2\Request), Object(OAuth2\Response))
#6 C:\xampp\htdocs\restapi\app\Controllers\User.php(16): OAuth2\Server->handleTokenRequest(Object(OAuth2\Request))
#7 C:\xampp\htdocs\restapi\vendor\codeigniter4\framework\system\CodeIgniter.php(918): App\Controllers\User->login()
#8 C:\xampp\htdocs\restapi\vendor\codeigniter4\framework\system\CodeIgniter.php(404): CodeIgniter\CodeIgniter->runController(Object(App\Controllers\User))
#9 C:\xampp\htdocs\restapi\vendor\codeigniter4\framework\system\CodeIgniter.php(312): CodeIgniter\CodeIgniter->handleRequest(NULL, Object(Config\Cache), false)
#10 C:\xampp\htdocs\restapi\public\index.php(45): CodeIgniter\CodeIgniter->run()
#11 {main}
CRITICAL - 2020-09-24 06:14:38 --> Trying to access array offset on value of type null
#0 C:\xampp\htdocs\restapi\app\Libraries\CustomOauthStorage.php(462): CodeIgniter\Debug\Exceptions->errorHandler(8, 'Trying to acces...', 'C:\\xampp\\htdocs...', 462, Array)
#1 C:\xampp\htdocs\restapi\app\Libraries\CustomOauthStorage.php(311): App\Libraries\CustomOauthStorage->getUser('test@berkaycalt...')
#2 C:\xampp\htdocs\restapi\vendor\bshaffer\oauth2-server-php\src\OAuth2\GrantType\UserCredentials.php(57): App\Libraries\CustomOauthStorage->checkUserCredentials('test@berkaycalt...', 'password')
#3 C:\xampp\htdocs\restapi\vendor\bshaffer\oauth2-server-php\src\OAuth2\Controller\TokenController.php(175): OAuth2\GrantType\UserCredentials->validateRequest(Object(OAuth2\Request), Object(OAuth2\Response))
#4 C:\xampp\htdocs\restapi\vendor\bshaffer\oauth2-server-php\src\OAuth2\Controller\TokenController.php(87): OAuth2\Controller\TokenController->grantAccessToken(Object(OAuth2\Request), Object(OAuth2\Response))
#5 C:\xampp\htdocs\restapi\vendor\bshaffer\oauth2-server-php\src\OAuth2\Server.php(319): OAuth2\Controller\TokenController->handleTokenRequest(Object(OAuth2\Request), Object(OAuth2\Response))
#6 C:\xampp\htdocs\restapi\app\Controllers\User.php(16): OAuth2\Server->handleTokenRequest(Object(OAuth2\Request))
#7 C:\xampp\htdocs\restapi\vendor\codeigniter4\framework\system\CodeIgniter.php(918): App\Controllers\User->login()
#8 C:\xampp\htdocs\restapi\vendor\codeigniter4\framework\system\CodeIgniter.php(404): CodeIgniter\CodeIgniter->runController(Object(App\Controllers\User))
#9 C:\xampp\htdocs\restapi\vendor\codeigniter4\framework\system\CodeIgniter.php(312): CodeIgniter\CodeIgniter->handleRequest(NULL, Object(Config\Cache), false)
#10 C:\xampp\htdocs\restapi\public\index.php(45): CodeIgniter\CodeIgniter->run()
#11 {main}
CRITICAL - 2020-09-24 06:15:08 --> Trying to access array offset on value of type null
#0 C:\xampp\htdocs\restapi\app\Libraries\CustomOauthStorage.php(462): CodeIgniter\Debug\Exceptions->errorHandler(8, 'Trying to acces...', 'C:\\xampp\\htdocs...', 462, Array)
#1 C:\xampp\htdocs\restapi\app\Libraries\CustomOauthStorage.php(311): App\Libraries\CustomOauthStorage->getUser('test@berkaycalt...')
#2 C:\xampp\htdocs\restapi\vendor\bshaffer\oauth2-server-php\src\OAuth2\GrantType\UserCredentials.php(57): App\Libraries\CustomOauthStorage->checkUserCredentials('test@berkaycalt...', 'password')
#3 C:\xampp\htdocs\restapi\vendor\bshaffer\oauth2-server-php\src\OAuth2\Controller\TokenController.php(175): OAuth2\GrantType\UserCredentials->validateRequest(Object(OAuth2\Request), Object(OAuth2\Response))
#4 C:\xampp\htdocs\restapi\vendor\bshaffer\oauth2-server-php\src\OAuth2\Controller\TokenController.php(87): OAuth2\Controller\TokenController->grantAccessToken(Object(OAuth2\Request), Object(OAuth2\Response))
#5 C:\xampp\htdocs\restapi\vendor\bshaffer\oauth2-server-php\src\OAuth2\Server.php(319): OAuth2\Controller\TokenController->handleTokenRequest(Object(OAuth2\Request), Object(OAuth2\Response))
#6 C:\xampp\htdocs\restapi\app\Controllers\User.php(16): OAuth2\Server->handleTokenRequest(Object(OAuth2\Request))
#7 C:\xampp\htdocs\restapi\vendor\codeigniter4\framework\system\CodeIgniter.php(918): App\Controllers\User->login()
#8 C:\xampp\htdocs\restapi\vendor\codeigniter4\framework\system\CodeIgniter.php(404): CodeIgniter\CodeIgniter->runController(Object(App\Controllers\User))
#9 C:\xampp\htdocs\restapi\vendor\codeigniter4\framework\system\CodeIgniter.php(312): CodeIgniter\CodeIgniter->handleRequest(NULL, Object(Config\Cache), false)
#10 C:\xampp\htdocs\restapi\public\index.php(45): CodeIgniter\CodeIgniter->run()
#11 {main}
